0 info it worked if it ends with ok
1 verbose cli [ '/Users/i/.nvm/versions/node/v6.0.0/bin/node',
1 verbose cli   '/Users/i/.nvm/versions/node/v6.0.0/bin/npm',
1 verbose cli   'start' ]
2 info using npm@3.8.6
3 info using node@v6.0.0
4 verbose run-script [ 'prestart', 'start', 'poststart' ]
5 info lifecycle tabber@0.0.1~prestart: tabber@0.0.1
6 silly lifecycle tabber@0.0.1~prestart: no script for prestart, continuing
7 info lifecycle tabber@0.0.1~start: tabber@0.0.1
8 verbose lifecycle tabber@0.0.1~start: unsafe-perm in lifecycle true
9 verbose lifecycle tabber@0.0.1~start: PATH: /Users/i/.nvm/versions/node/v6.0.0/lib/node_modules/npm/bin/node-gyp-bin:/Users/i/Develop/Tabber/node_modules/.bin:/Users/i/.nvm/versions/node/v6.0.0/bin:/Users/i/Develop/csc462/lab2/src/main/bin:/usr/local/go/bin:/Users/i/.nvm/versions/node/v6.0.0/bin:/usr/local/bin:/usr/bin:/bin:/usr/sbin:/sbin:/usr/local/go/bin:/Library/Apple/usr/bin:/Users/i/Develop/csc462/lab2/src/main/bin:/Users/i/.nvm/versions/node/v6.0.0/bin
10 verbose lifecycle tabber@0.0.1~start: CWD: /Users/i/Develop/Tabber
11 silly lifecycle tabber@0.0.1~start: Args: [ '-c', 'tsc && node dist/index.js' ]
12 silly lifecycle tabber@0.0.1~start: Returned: code: 1  signal: null
13 info lifecycle tabber@0.0.1~start: Failed to exec start script
14 verbose stack Error: tabber@0.0.1 start: `tsc && node dist/index.js`
14 verbose stack Exit status 1
14 verbose stack     at EventEmitter.<anonymous> (/Users/i/.nvm/versions/node/v6.0.0/lib/node_modules/npm/lib/utils/lifecycle.js:239:16)
14 verbose stack     at emitTwo (events.js:106:13)
14 verbose stack     at EventEmitter.emit (events.js:191:7)
14 verbose stack     at ChildProcess.<anonymous> (/Users/i/.nvm/versions/node/v6.0.0/lib/node_modules/npm/lib/utils/spawn.js:24:14)
14 verbose stack     at emitTwo (events.js:106:13)
14 verbose stack     at ChildProcess.emit (events.js:191:7)
14 verbose stack     at maybeClose (internal/child_process.js:850:16)
14 verbose stack     at Process.ChildProcess._handle.onexit (internal/child_process.js:215:5)
15 verbose pkgid tabber@0.0.1
16 verbose cwd /Users/i/Develop/Tabber
17 error Darwin 19.2.0
18 error argv "/Users/i/.nvm/versions/node/v6.0.0/bin/node" "/Users/i/.nvm/versions/node/v6.0.0/bin/npm" "start"
19 error node v6.0.0
20 error npm  v3.8.6
21 error code ELIFECYCLE
22 error tabber@0.0.1 start: `tsc && node dist/index.js`
22 error Exit status 1
23 error Failed at the tabber@0.0.1 start script 'tsc && node dist/index.js'.
23 error Make sure you have the latest version of node.js and npm installed.
23 error If you do, this is most likely a problem with the tabber package,
23 error not with npm itself.
23 error Tell the author that this fails on your system:
23 error     tsc && node dist/index.js
23 error You can get information on how to open an issue for this project with:
23 error     npm bugs tabber
23 error Or if that isn't available, you can get their info via:
23 error     npm owner ls tabber
23 error There is likely additional logging output above.
24 verbose exit [ 1, true ]
